[2025-08-01 16:09:52] INFO: Email sent successfully {
  "messageId": "<4e8b8463-7c72-8f9e-1006-b8f8529ea74e@gmail.com>"
}
[2025-08-01 17:35:31] ERROR: Redis Client Error read ECONNRESET {
  "errno": -4077,
  "code": "ECONNRESET",
  "syscall": "read",
  "stack": "Error: read ECONNRESET\n    at TCP.onStreamRead (node:internal/stream_base_commons:216:20)"
}
[2025-08-01 17:35:36] ERROR: Redis Client Error Connection timeout {
  "stack": "Error: Connection timeout\n    at Socket.onTimeout (G:\\WebProjectsAndResources\\ProgrammingHero\\Assignment\\Level-02\\assignment-05\\node_modules\\@redis\\client\\lib\\client\\socket.ts:246:40)\n    at Object.onceWrapper (node:events:632:28)\n    at Socket.emit (node:events:518:28)\n    at Socket._onTimeout (node:net:595:8)\n    at listOnTimeout (node:internal/timers:594:17)\n    at processTimers (node:internal/timers:529:7)"
}
[2025-08-01 17:39:27] ERROR: Redis Client Error Connection timeout {
  "stack": "Error: Connection timeout\n    at Socket.onTimeout (G:\\WebProjectsAndResources\\ProgrammingHero\\Assignment\\Level-02\\assignment-05\\node_modules\\@redis\\client\\lib\\client\\socket.ts:246:40)\n    at Object.onceWrapper (node:events:632:28)\n    at Socket.emit (node:events:518:28)\n    at Socket._onTimeout (node:net:595:8)\n    at listOnTimeout (node:internal/timers:594:17)\n    at processTimers (node:internal/timers:529:7)"
}
[2025-08-01 17:39:32] ERROR: Redis Client Error Connection timeout {
  "stack": "Error: Connection timeout\n    at Socket.onTimeout (G:\\WebProjectsAndResources\\ProgrammingHero\\Assignment\\Level-02\\assignment-05\\node_modules\\@redis\\client\\lib\\client\\socket.ts:246:40)\n    at Object.onceWrapper (node:events:632:28)\n    at Socket.emit (node:events:518:28)\n    at Socket._onTimeout (node:net:595:8)\n    at listOnTimeout (node:internal/timers:594:17)\n    at processTimers (node:internal/timers:529:7)"
}
[2025-08-01 17:39:38] ERROR: Redis Client Error Connection timeout {
  "stack": "Error: Connection timeout\n    at Socket.onTimeout (G:\\WebProjectsAndResources\\ProgrammingHero\\Assignment\\Level-02\\assignment-05\\node_modules\\@redis\\client\\lib\\client\\socket.ts:246:40)\n    at Object.onceWrapper (node:events:632:28)\n    at Socket.emit (node:events:518:28)\n    at Socket._onTimeout (node:net:595:8)\n    at listOnTimeout (node:internal/timers:594:17)\n    at processTimers (node:internal/timers:529:7)"
}
[2025-08-01 17:39:43] ERROR: Redis Client Error Connection timeout {
  "stack": "Error: Connection timeout\n    at Socket.onTimeout (G:\\WebProjectsAndResources\\ProgrammingHero\\Assignment\\Level-02\\assignment-05\\node_modules\\@redis\\client\\lib\\client\\socket.ts:246:40)\n    at Object.onceWrapper (node:events:632:28)\n    at Socket.emit (node:events:518:28)\n    at Socket._onTimeout (node:net:595:8)\n    at listOnTimeout (node:internal/timers:594:17)\n    at processTimers (node:internal/timers:529:7)"
}
